


 ########## RUNNING subset_and_output for test ##########

Reading input file:   /home/rtullis/orchid_initiative/postpartum_larc/raw/csv_HCAIPDD_04-09-2024_1143_2024_test.csv

Variables of interest are:
['oshpd_id', 'data_id', 'pat_id', 'agyradm', 'sex', 'ethncty', 'race1', 'race_grp', 'pls_abbr', 'patcnty', 'patzip', 'admtdate', 'dschdate', 'dsch_yr', 'los', 'srcpo_ns', 'srcroute_ns', 'admtype_ns', 'disp', 'pay_cat', 'pay_type', 'pay_plan', 'charge', 'MSDRG', 'diag_p', 'poa_p', 'proc_p', 'odiag1', 'odiag2', 'odiag3', 'odiag4', 'odiag5', 'odiag6', 'odiag7', 'odiag8', 'odiag9', 'odiag10', 'odiag11', 'odiag12', 'odiag13', 'odiag14', 'odiag15', 'odiag16', 'odiag17', 'odiag18', 'odiag19', 'odiag20', 'odiag21', 'odiag22', 'odiag23', 'odiag24', 'oproc1', 'oproc2', 'oproc3', 'oproc4', 'oproc5', 'oproc6', 'oproc7', 'oproc8', 'oproc9', 'oproc10', 'oproc11', 'oproc12', 'oproc13', 'oproc14', 'oproc15', 'oproc16', 'oproc17', 'oproc18', 'oproc19', 'oproc20', 'oproc21', 'oproc22', 'oproc23', 'oproc24']

Check to see if headerrow_subset and 
                         variables_keep match.
--> Good.  The headerrow_subset contains 
                             the expected variables

Here are the indices for selected variables:   [1, 5, 6, 11, 16, 17, 18, 29, 30, 35, 38, 40, 42, 43, 44, 46, 50, 51, 52, 54, 56, 58, 60, 62, 64, 66, 68, 70, 72, 74, 76, 78, 80, 82, 84, 86, 88, 90, 92, 94, 96, 98, 100, 103, 106, 109, 112, 115, 118, 121, 124, 127, 130, 133, 136, 139, 142, 145, 148, 151, 154, 157, 160, 163, 166, 169, 172, 201, 202, 206, 207, 208, 209, 211, 212]

And here are the corresponding variables selected:  
['oshpd_id', 'data_id', 'pat_id', 'agyradm', 'sex', 'ethncty', 'race1', 'race_grp', 'admtdate', 'dschdate', 'dsch_yr', 'los', 'srcpo_ns', 'srcroute_ns', 'admtype_ns', 'MSDRG', 'diag_p', 'poa_p', 'odiag1', 'odiag2', 'odiag3', 'odiag4', 'odiag5', 'odiag6', 'odiag7', 'odiag8', 'odiag9', 'odiag10', 'odiag11', 'odiag12', 'odiag13', 'odiag14', 'odiag15', 'odiag16', 'odiag17', 'odiag18', 'odiag19', 'odiag20', 'odiag21', 'odiag22', 'odiag23', 'odiag24', 'proc_p', 'oproc1', 'oproc2', 'oproc3', 'oproc4', 'oproc5', 'oproc6', 'oproc7', 'oproc8', 'oproc9', 'oproc10', 'oproc11', 'oproc12', 'oproc13', 'oproc14', 'oproc15', 'oproc16', 'oproc17', 'oproc18', 'oproc19', 'oproc20', 'oproc21', 'oproc22', 'oproc23', 'oproc24', 'disp', 'charge', 'pay_cat', 'pay_type', 'pay_plan', 'pls_abbr', 'patcnty', 'patzip']

Whole line for first row of data:  
1,190796,106190796,90095,19,1000000012,100000000010,07221990,07221990,0,0,33,33,08,08,05,F,E1,R2,,,,,,,,,,,,01072024,1,1,1,2024,01072024,1,1,2024,12,0,,E,3,5,,807,,,,Z3400,N,Z3400,Y,,,,,,,,,,,,,,,,,,,,,,,,,,,,,,,,,,,,,,,,,,,,,,,18946005,20240107,0,65200003,20240107,0,,,,,,,,,,,,,,,,,,,,,,,,,,,,,,,,,,,,,,,,,,,,,,,,,,,,,,,,,,,,,,,,,,,,,,,,,,,,,,,,,,,,,,,,,,,,,,999519568,999519568,95,4511,4511,999-51-9568,Y,06,2,0000,ENG,English,19,90008


Selection criteria for variable of interest:
filter_variable_name='MSDRG'
is in:
filter_values=[768, 788, 807]

/home/rtullis/orchid_initiative/postpartum_larc/raw/csv_HCAIPDD_04-09-2024_1143_2024_test.csv
TOTAL RECORDS INPUT:   1007

/home/rtullis/orchid_initiative/postpartum_larc/created/labor_and_delivery_test.csv
RECORDS OUTPUT IN SUBSET:   481


 ########## RUNNING readin_and_report for test ##########

Read in of subset
/home/rtullis/orchid_initiative/postpartum_larc/created/labor_and_delivery_test.csv
          count         mean          std     min     50%      max
agyradm   481.0    30.099792     7.526787    16.0    30.0     49.0
race_grp    0.0          NaN          NaN     NaN     NaN      NaN
dsch_yr   481.0  2024.000000     0.000000  2024.0  2024.0   2024.0
los       481.0     0.043659     0.204548     0.0     0.0      1.0
MSDRG     481.0   795.151767    16.387109   768.0   807.0    807.0
charge    481.0  8571.627859  6881.291375   767.0  7028.0  34766.0
pay_type  481.0     1.702703     0.529320     0.0     2.0      2.0
pay_plan  474.0    34.795359   107.679082     0.0     0.0    476.0

 MSDRG
807    300
768    113
788     68
dtype: int64

 oshpd_id
NaN       458
190796     11
190555      4
191227      3
190878      2
191228      2
190392      1
dtype: int64

 dsch_yr
2024    481
dtype: int64

 ethncty
E2    262
E1    219
dtype: int64

 race1
R5    328
R2     77
R3     53
R4     10
R9      8
R1      5
dtype: int64

 pls_abbr
ENG    277
SPA    149
VIE     17
TGL     11
CMN     10
HIN      5
KOR      4
ARM      3
PES      3
ARA      2
dtype: int64

 pay_cat
03     244
06     165
NaN     41
08      17
01      14
dtype: int64

 pay_type
2    355
1    109
0     17
dtype: int64

 pay_plan
0.0      414
476.0     20
303.0     11
126.0      9
152.0      9
NaN        7
43.0       6
176.0      5
dtype: int64


 ########## RUNNING flags for test ##########

prior pregnancy=
Code list
['Z3480', 'Z3481', 'Z3482', 'Z3483']

mental illness=
Code list
['F01', 'F02', 'F03', 'F04', 'F05', 'F06', 'F07', 'F09', 'F10', 'F11', 'F12', 'F13', 'F14', 'F15', 'F16', 'F17', 'F18', 'F19', 'F20', 'F21', 'F22', 'F23', 'F24', 'F25', 'F28', 'F29', 'F30', 'F31', 'F32', 'F33', 'F34', 'F39', 'F40', 'F41', 'F42', 'F43', 'F44', 'F45', 'F48', 'F50', 'F51', 'F52', 'F53', 'F54', 'F55', 'F59', 'F60', 'F63', 'F64', 'F65', 'F66', 'F68', 'F69', 'F90', 'F91', 'F93', 'F94', 'F95', 'F98', 'F99']

intellectual disability=
Code list
['F70', 'F71', 'F72', 'F73', 'F78', 'F79', 'F80', 'F81', 'F82', 'F84', 'F88', 'F89']

hemorrhage=
Code list
['O031', 'O036', 'O046', 'O071', 'O081', 'O208', 'O209', 'O4410', 'O4411', 'O4412', 'O4413', 'O4430', 'O4431', 'O4432', 'O4433', 'O4450', 'O4451', 'O4452', 'O4453', 'O46001', 'O46002', 'O46003', 'O46009', 'O46011', 'O46012', 'O46013', 'O46019', 'O46021', 'O46022', 'O46023', 'O46029', 'O46091', 'O46092', 'O46093', 'O46099', 'O468X1', 'O468X2', 'O468X3', 'O468X9', 'O4690', 'O4691', 'O4692', 'O4693', 'O670', 'O678', 'O679', 'O720', 'O721', 'O722']

intraamniotic infection=
Code list
['O411010', 'O411011', 'O411012', 'O411013', 'O411014', 'O411015', 'O411019', 'O411020', 'O411021', 'O411022', 'O411023', 'O411024', 'O411025', 'O411029', 'O411030', 'O411031', 'O411032', 'O411033', 'O411034', 'O411035', 'O411039', 'O411090', 'O411091', 'O411092', 'O411093', 'O411094', 'O411095', 'O411099']

chorioamnionitis=
Code list
['O411210', 'O411211', 'O411212', 'O411213', 'O411214', 'O411215', 'O411219', 'O411220', 'O411221', 'O411222', 'O411223', 'O411224', 'O411225', 'O411229', 'O411230', 'O411231', 'O411232', 'O411233', 'O411234', 'O411235', 'O411239', 'O411290', 'O411291', 'O411292', 'O411293', 'O411294', 'O411295', 'O411299']

endometritis=
Code list
['O8612']

Results for -- larc
0    479
1      2
Name: larc, dtype: int64

Results for -- larc_subcutaneous
0    480
1      1
Name: larc_subcutaneous, dtype: int64

Results for -- larc_uterine
0    480
1      1
Name: larc_uterine, dtype: int64

Results for -- oshpd_id
NaN       458
190796     11
190555      4
191227      3
190878      2
191228      2
190392      1
Name: oshpd_id, dtype: int64

Results for -- agyradm
33    32
27    32
34    30
35    29
32    27
31    25
22    24
26    22
28    22
30    22
20    21
29    20
24    18
25    17
18    12
21    11
37    10
36    10
38    10
43    10
19     9
23     8
16     7
48     7
45     7
17     6
44     6
47     5
41     5
39     4
49     4
46     4
40     3
42     2
Name: agyradm, dtype: int64

Results for -- ethncty
E2    262
E1    219
Name: ethncty, dtype: int64

Results for -- race1
R5    328
R2     77
R3     53
R4     10
R9      8
R1      5
Name: race1, dtype: int64

Results for -- dsch_yr
2024    481
Name: dsch_yr, dtype: int64

Results for -- medicaid
1    244
0    237
Name: medicaid, dtype: int64

Results for -- preferred_language_not_english
0    277
1    204
Name: preferred_language_not_english, dtype: int64

Results for -- known_prior_pregnancy
0    480
1      1
Name: known_prior_pregnancy, dtype: int64

Results for -- mental_illness
1    481
Name: mental_illness, dtype: int64

Results for -- intellectual_disability
1    481
Name: intellectual_disability, dtype: int64

Results for -- hemorrhage
0    480
1      1
Name: hemorrhage, dtype: int64

Results for -- intraamniotic_infection
0    480
1      1
Name: intraamniotic_infection, dtype: int64

Results for -- chorioamnionitis
0    480
1      1
Name: chorioamnionitis, dtype: int64

Results for -- endometritis
0    480
1      1
Name: endometritis, dtype: int64


Elapsed time (seconds):   2.2277140617370605
